# JRE version: OpenJDK Runtime Environment (21.0.5) (build 21.0.5+-13047016-b750.29)
# Java VM: OpenJDK 64-Bit Server VM (21.0.5+-13047016-b750.29, mixed mode, tiered, compressed oops, compressed class ptrs, g1 gc, windows-amd64)
GC Precious Log:
 CardTable entry size: 512
 Card Set container configuration: InlinePtr #cards 5 size 8 Array Of Cards #cards 12 size 40 Howl #buckets 4 coarsen threshold 1843 Howl Bitmap #cards 512 size 80 coarsen threshold 460 Card regions per heap region 1 cards per card region 2048
 CPUs: 16 total, 16 available
 Memory: 32661M
 Large Page Support: Disabled
 NUMA Support: Disabled
 Compressed Oops: Enabled (32-bit)
 Heap Region Size: 1M
 Heap Min Capacity: 8M
 Heap Initial Capacity: 512M
 Heap Max Capacity: 2G
 Pre-touch: Disabled
 Parallel Workers: 13
 Concurrent Workers: 3
 Concurrent Refinement Workers: 13
 Periodic GC: Disabled
Heap:
 garbage-first heap   total 301056K, used 278634K [0x0000000080000000, 0x0000000100000000)
  region size 1024K, 125 young (128000K), 6 survivors (6144K)
 Metaspace       used 145331K, committed 147584K, reserved 1179648K
  class space    used 18393K, committed 19520K, reserved 1048576K
GC Heap History (20 events):
Event: 6.259 GC heap before
{Heap before GC invocations=11 (full 0):
 garbage-first heap   total 89088K, used 77547K [0x0000000080000000, 0x0000000100000000)
  region size 1024K, 34 young (34816K), 3 survivors (3072K)
 Metaspace       used 49201K, committed 50432K, reserved 1114112K
  class space    used 6626K, committed 7232K, reserved 1048576K
}
Event: 6.262 GC heap after
{Heap after GC invocations=12 (full 0):
 garbage-first heap   total 89088K, used 50648K [0x0000000080000000, 0x0000000100000000)
  region size 1024K, 5 young (5120K), 5 survivors (5120K)
 Metaspace       used 49201K, committed 50432K, reserved 1114112K
  class space    used 6626K, committed 7232K, reserved 1048576K
}
Event: 6.544 GC heap before
{Heap before GC invocations=13 (full 0):
 garbage-first heap   total 89088K, used 82392K [0x0000000080000000, 0x0000000100000000)
  region size 1024K, 32 young (32768K), 5 survivors (5120K)
 Metaspace       used 51676K, committed 53120K, reserved 1114112K
  class space    used 6861K, committed 7552K, reserved 1048576K
}
Event: 6.550 GC heap after
{Heap after GC invocations=14 (full 0):
 garbage-first heap   total 309248K, used 54898K [0x0000000080000000, 0x0000000100000000)
  region size 1024K, 4 young (4096K), 4 survivors (4096K)
 Metaspace       used 51676K, committed 53120K, reserved 1114112K
  class space    used 6861K, committed 7552K, reserved 1048576K
}
Event: 9.139 GC heap before
{Heap before GC invocations=14 (full 0):
 garbage-first heap   total 309248K, used 251506K [0x0000000080000000, 0x0000000100000000)
  region size 1024K, 181 young (185344K), 4 survivors (4096K)
 Metaspace       used 71156K, committed 72768K, reserved 1114112K
  class space    used 9595K, committed 10368K, reserved 1048576K
}
Event: 9.149 GC heap after
{Heap after GC invocations=15 (full 0):
 garbage-first heap   total 309248K, used 82618K [0x0000000080000000, 0x0000000100000000)
  region size 1024K, 17 young (17408K), 17 survivors (17408K)
 Metaspace       used 71156K, committed 72768K, reserved 1114112K
  class space    used 9595K, committed 10368K, reserved 1048576K
}
Event: 10.962 GC heap before
{Heap before GC invocations=15 (full 0):
 garbage-first heap   total 309248K, used 186042K [0x0000000080000000, 0x0000000100000000)
  region size 1024K, 120 young (122880K), 17 survivors (17408K)
 Metaspace       used 82401K, committed 84160K, reserved 1179648K
  class space    used 10950K, committed 11840K, reserved 1048576K
}
Event: 10.971 GC heap after
{Heap after GC invocations=16 (full 0):
 garbage-first heap   total 309248K, used 89597K [0x0000000080000000, 0x0000000100000000)
  region size 1024K, 8 young (8192K), 8 survivors (8192K)
 Metaspace       used 82401K, committed 84160K, reserved 1179648K
  class space    used 10950K, committed 11840K, reserved 1048576K
}
Event: 13.477 GC heap before
{Heap before GC invocations=17 (full 0):
 garbage-first heap   total 301056K, used 275965K [0x0000000080000000, 0x0000000100000000)
  region size 1024K, 176 young (180224K), 8 survivors (8192K)
 Metaspace       used 102821K, committed 104640K, reserved 1179648K
  class space    used 13821K, committed 14720K, reserved 1048576K
}
Event: 13.489 GC heap after
{Heap after GC invocations=18 (full 0):
 garbage-first heap   total 301056K, used 112597K [0x0000000080000000, 0x0000000100000000)
  region size 1024K, 22 young (22528K), 22 survivors (22528K)
 Metaspace       used 102821K, committed 104640K, reserved 1179648K
  class space    used 13821K, committed 14720K, reserved 1048576K
}
Event: 15.042 GC heap before
{Heap before GC invocations=18 (full 0):
 garbage-first heap   total 301056K, used 261077K [0x0000000080000000, 0x0000000100000000)
  region size 1024K, 166 young (169984K), 22 survivors (22528K)
 Metaspace       used 119958K, committed 122176K, reserved 1179648K
  class space    used 15784K, committed 16896K, reserved 1048576K
}
Event: 15.057 GC heap after
{Heap after GC invocations=19 (full 0):
 garbage-first heap   total 301056K, used 125420K [0x0000000080000000, 0x0000000100000000)
  region size 1024K, 13 young (13312K), 13 survivors (13312K)
 Metaspace       used 119958K, committed 122176K, reserved 1179648K
  class space    used 15784K, committed 16896K, reserved 1048576K
}
Event: 16.971 GC heap before
{Heap before GC invocations=19 (full 0):
 garbage-first heap   total 301056K, used 262636K [0x0000000080000000, 0x0000000100000000)
  region size 1024K, 148 young (151552K), 13 survivors (13312K)
 Metaspace       used 134387K, committed 136576K, reserved 1179648K
  class space    used 17249K, committed 18368K, reserved 1048576K
}
Event: 16.979 GC heap after
{Heap after GC invocations=20 (full 0):
 garbage-first heap   total 301056K, used 130724K [0x0000000080000000, 0x0000000100000000)
  region size 1024K, 9 young (9216K), 9 survivors (9216K)
 Metaspace       used 134387K, committed 136576K, reserved 1179648K
  class space    used 17249K, committed 18368K, reserved 1048576K
}
Event: 18.614 GC heap before
{Heap before GC invocations=21 (full 0):
 garbage-first heap   total 301056K, used 264868K [0x0000000080000000, 0x0000000100000000)
  region size 1024K, 141 young (144384K), 9 survivors (9216K)
 Metaspace       used 143687K, committed 145920K, reserved 1179648K
  class space    used 18203K, committed 19328K, reserved 1048576K
}
Event: 18.621 GC heap after
{Heap after GC invocations=22 (full 0):
 garbage-first heap   total 301056K, used 138360K [0x0000000080000000, 0x0000000100000000)
  region size 1024K, 16 young (16384K), 16 survivors (16384K)
 Metaspace       used 143687K, committed 145920K, reserved 1179648K
  class space    used 18203K, committed 19328K, reserved 1048576K
}
Event: 19.044 GC heap before
{Heap before GC invocations=22 (full 0):
 garbage-first heap   total 301056K, used 267384K [0x0000000080000000, 0x0000000100000000)
  region size 1024K, 142 young (145408K), 16 survivors (16384K)
 Metaspace       used 143727K, committed 145984K, reserved 1179648K
  class space    used 18204K, committed 19328K, reserved 1048576K
}
Event: 19.052 GC heap after
{Heap after GC invocations=23 (full 0):
 garbage-first heap   total 301056K, used 139343K [0x0000000080000000, 0x0000000100000000)
  region size 1024K, 12 young (12288K), 12 survivors (12288K)
 Metaspace       used 143727K, committed 145984K, reserved 1179648K
  class space    used 18204K, committed 19328K, reserved 1048576K
}
Event: 19.111 GC heap before
{Heap before GC invocations=23 (full 0):
 garbage-first heap   total 301056K, used 149583K [0x0000000080000000, 0x0000000100000000)
  region size 1024K, 24 young (24576K), 12 survivors (12288K)
 Metaspace       used 143749K, committed 145984K, reserved 1179648K
  class space    used 18205K, committed 19328K, reserved 1048576K
}
Event: 19.117 GC heap after
{Heap after GC invocations=24 (full 0):
 garbage-first heap   total 301056K, used 139370K [0x0000000080000000, 0x0000000100000000)
  region size 1024K, 6 young (6144K), 6 survivors (6144K)
 Metaspace       used 143749K, committed 145984K, reserved 1179648K
  class space    used 18205K, committed 19328K, reserved 1048576K
}

